<?xml version="1.0" encoding="utf-8"?><testsuites name="pytest tests"><testsuite name="pytest" errors="0" failures="0" skipped="0" tests="18" time="4.008" timestamp="2026-05-03T20:57:18.368316+00:00" hostname="agent-env-0d9548cd-08e0-4e11-bc99-0ea10ecaac73"><testcase classname="backend.tests.backend_test" name="test_root" time="0.259" /><testcase classname="backend.tests.backend_test" name="test_auth_me_teacher" time="0.140" /><testcase classname="backend.tests.backend_test" name="test_auth_me_unauth" time="0.122" /><testcase classname="backend.tests.backend_test" name="test_update_classroom" time="0.158" /><testcase classname="backend.tests.backend_test" name="test_student_pin_validation" time="0.156" /><testcase classname="backend.tests.backend_test" name="test_create_student_and_get" time="0.269" /><testcase classname="backend.tests.backend_test" name="test_update_student" time="0.118" /><testcase classname="backend.tests.backend_test" name="test_students_by_classroom" time="0.112" /><testcase classname="backend.tests.backend_test" name="test_student_login" time="0.144" /><testcase classname="backend.tests.backend_test" name="test_student_login_wrong_pin" time="0.119" /><testcase classname="backend.tests.backend_test" name="test_jobs_crud_and_assign" time="0.496" /><testcase classname="backend.tests.backend_test" name="test_pay_salaries" time="0.115" /><testcase classname="backend.tests.backend_test" name="test_pay_all_bonus_and_fine" time="0.237" /><testcase classname="backend.tests.backend_test" name="test_bills_crud_and_charge" time="0.375" /><testcase classname="backend.tests.backend_test" name="test_store_crud_and_purchase" time="0.408" /><testcase classname="backend.tests.backend_test" name="test_applications_flow" time="0.362" /><testcase classname="backend.tests.backend_test" name="test_transactions_teacher_and_student" time="0.217" /><testcase classname="backend.tests.backend_test" name="test_delete_student" time="0.109" /></testsuite></testsuites>